<?xml version="1.0" encoding="UTF-8"?>
<!-- Generated by org.testng.reporters.JUnitXMLReporter -->
<testsuite hostname="DESKTOP-O0V8JPK" ignored="3" name="createtest_chrome" tests="4" failures="0" timestamp="24 Feb 2020 21:23:31 GMT" time="58.709" errors="0">
  <testcase name="createLeaf_DemoCSR" time="8.022" classname="nvkidsframework.testcases.CreatePageTestcase"/>
  <testcase name="createLeaf_SalesManager" time="8.158" classname="nvkidsframework.testcases.CreatePageTestcase"/>
  <testcase name="createLeaf_DemoCSR" time="7.673" classname="nvkidsframework.testcases.CreatePageTestCaseAgain"/>
  <testcase name="createLeaf_SalesManager" time="8.478" classname="nvkidsframework.testcases.CreatePageTestCaseAgain"/>
  <testcase name="@BeforeTest Deleteimages" time="0.0" classname="nv.selenium.utils.Reporter">
    <ignored/>
  </testcase> <!-- @BeforeTest Deleteimages -->
  <testcase name="@AfterSuite stopReport" time="0.0" classname="nv.selenium.utils.Reporter">
    <ignored/>
  </testcase> <!-- @AfterSuite stopReport -->
  <testcase name="@BeforeSuite startReport" time="0.0" classname="nv.selenium.utils.Reporter">
    <ignored/>
  </testcase> <!-- @BeforeSuite startReport -->
</testsuite> <!-- createtest_chrome -->
