<?xml version="1.0" encoding="UTF-8"?>
<!-- Generated by org.testng.reporters.JUnitXMLReporter -->
<testsuite hostname="DESKTOP-O0V8JPK" ignored="3" name="createtest" tests="4" failures="0" timestamp="08 Feb 2020 19:51:43 GMT" time="69.153" errors="0">
  <testcase name="createLeaf_DemoCSR" time="14.151" classname="nvkidsframework.testcases.CreatePageTestcase"/>
  <testcase name="createLeaf_DemoCSR" time="14.18" classname="nvkidsframework.testcases.CreatePageTestCaseAgain"/>
  <testcase name="createLeaf_SalesManager" time="8.834" classname="nvkidsframework.testcases.CreatePageTestCaseAgain"/>
  <testcase name="createLeaf_SalesManager" time="9.081" classname="nvkidsframework.testcases.CreatePageTestcase"/>
  <testcase name="@BeforeTest Deleteimages" time="0.0" classname="nv.selenium.utils.Reporter">
    <ignored/>
  </testcase> <!-- @BeforeTest Deleteimages -->
  <testcase name="@AfterSuite stopReport" time="0.0" classname="nv.selenium.utils.Reporter">
    <ignored/>
  </testcase> <!-- @AfterSuite stopReport -->
  <testcase name="@BeforeSuite startReport" time="0.0" classname="nv.selenium.utils.Reporter">
    <ignored/>
  </testcase> <!-- @BeforeSuite startReport -->
</testsuite> <!-- createtest -->
