<?xml version="1.0" encoding="UTF-8"?>
<!-- Generated by org.testng.reporters.JUnitXMLReporter -->
<testsuite hostname="DESKTOP-O0V8JPK" ignored="3" name="createtest" tests="4" failures="0" timestamp="24 Feb 2020 21:29:18 GMT" time="38.907" errors="0">
  <testcase name="createLeaf_DemoCSR" time="8.749" classname="nvkidsframework.testcases.CreatePageTestcase"/>
  <testcase name="createLeaf_DemoCSR" time="8.774" classname="nvkidsframework.testcases.CreatePageTestCaseAgain"/>
  <testcase name="createLeaf_SalesManager" time="9.262" classname="nvkidsframework.testcases.CreatePageTestCaseAgain"/>
  <testcase name="createLeaf_SalesManager" time="9.124" classname="nvkidsframework.testcases.CreatePageTestcase"/>
  <testcase name="@BeforeTest Deleteimages" time="0.0" classname="nv.selenium.utils.Reporter">
    <ignored/>
  </testcase> <!-- @BeforeTest Deleteimages -->
  <testcase name="@AfterSuite stopReport" time="0.0" classname="nv.selenium.utils.Reporter">
    <ignored/>
  </testcase> <!-- @AfterSuite stopReport -->
  <testcase name="@BeforeSuite startReport" time="0.0" classname="nv.selenium.utils.Reporter">
    <ignored/>
  </testcase> <!-- @BeforeSuite startReport -->
</testsuite> <!-- createtest -->
