<?xml version="1.0" encoding="UTF-8"?>
<!-- Generated by org.testng.reporters.JUnitXMLReporter -->
<testsuite hostname="DESKTOP-O0V8JPK" ignored="3" name="createtest_Firefox" tests="4" failures="0" timestamp="24 Feb 2020 21:22:33 GMT" time="0.197" errors="0">
  <testcase name="@BeforeMethod configureAndLaunch" time="0.097" classname="nv.selenium.api.base.SeleniumBase">
    <failure type="java.lang.NullPointerException">
      <![CDATA[java.lang.NullPointerException
at nv.selenium.api.base.SeleniumBase.takeSnap(SeleniumBase.java:160)
at nv.selenium.api.base.SeleniumBase.startApp(SeleniumBase.java:197)
at nv.selenium.api.base.SeleniumBase.configureAndLaunch(SeleniumBase.java:74)
at java.util.concurrent.FutureTask.run(FutureTask.java:266)
at java.util.concurrent.ThreadPoolExecutor.runWorker(ThreadPoolExecutor.java:1149)
at java.util.concurrent.ThreadPoolExecutor$Worker.run(ThreadPoolExecutor.java:624)
at java.lang.Thread.run(Thread.java:748)
... Removed 19 stack frames]]>
    </failure>
  </testcase> <!-- @BeforeMethod configureAndLaunch -->
  <testcase name="@AfterMethod closeBrowser" time="0.0" classname="nv.selenium.api.base.SeleniumBase">
    <skipped/>
  </testcase> <!-- @AfterMethod closeBrowser -->
  <testcase name="@BeforeMethod configureAndLaunch" time="0.0" classname="nv.selenium.api.base.SeleniumBase">
    <skipped/>
  </testcase> <!-- @BeforeMethod configureAndLaunch -->
  <testcase name="@AfterMethod closeBrowser" time="0.0" classname="nv.selenium.api.base.SeleniumBase">
    <skipped/>
  </testcase> <!-- @AfterMethod closeBrowser -->
  <testcase name="@BeforeMethod configureAndLaunch" time="0.033" classname="nv.selenium.api.base.SeleniumBase">
    <failure type="java.lang.NullPointerException">
      <![CDATA[java.lang.NullPointerException
at nv.selenium.api.base.SeleniumBase.takeSnap(SeleniumBase.java:160)
at nv.selenium.api.base.SeleniumBase.startApp(SeleniumBase.java:197)
at nv.selenium.api.base.SeleniumBase.configureAndLaunch(SeleniumBase.java:74)
at java.util.concurrent.FutureTask.run(FutureTask.java:266)
at java.util.concurrent.ThreadPoolExecutor.runWorker(ThreadPoolExecutor.java:1149)
at java.util.concurrent.ThreadPoolExecutor$Worker.run(ThreadPoolExecutor.java:624)
at java.lang.Thread.run(Thread.java:748)
... Removed 19 stack frames]]>
    </failure>
  </testcase> <!-- @BeforeMethod configureAndLaunch -->
  <testcase name="@AfterMethod closeBrowser" time="0.0" classname="nv.selenium.api.base.SeleniumBase">
    <skipped/>
  </testcase> <!-- @AfterMethod closeBrowser -->
  <testcase name="@BeforeMethod configureAndLaunch" time="0.0" classname="nv.selenium.api.base.SeleniumBase">
    <skipped/>
  </testcase> <!-- @BeforeMethod configureAndLaunch -->
  <testcase name="@AfterMethod closeBrowser" time="0.0" classname="nv.selenium.api.base.SeleniumBase">
    <skipped/>
  </testcase> <!-- @AfterMethod closeBrowser -->
  <testcase name="createLeaf_DemoCSR" time="0.0" classname="nvkidsframework.testcases.CreatePageTestcase">
    <skipped/>
  </testcase> <!-- createLeaf_DemoCSR -->
  <testcase name="createLeaf_SalesManager" time="0.0" classname="nvkidsframework.testcases.CreatePageTestcase">
    <skipped/>
  </testcase> <!-- createLeaf_SalesManager -->
  <testcase name="createLeaf_DemoCSR" time="0.0" classname="nvkidsframework.testcases.CreatePageTestCaseAgain">
    <skipped/>
  </testcase> <!-- createLeaf_DemoCSR -->
  <testcase name="createLeaf_SalesManager" time="0.0" classname="nvkidsframework.testcases.CreatePageTestCaseAgain">
    <skipped/>
  </testcase> <!-- createLeaf_SalesManager -->
  <testcase name="@BeforeTest Deleteimages" time="0.0" classname="nv.selenium.utils.Reporter">
    <ignored/>
  </testcase> <!-- @BeforeTest Deleteimages -->
  <testcase name="@AfterSuite stopReport" time="0.0" classname="nv.selenium.utils.Reporter">
    <ignored/>
  </testcase> <!-- @AfterSuite stopReport -->
  <testcase name="@BeforeSuite startReport" time="0.0" classname="nv.selenium.utils.Reporter">
    <ignored/>
  </testcase> <!-- @BeforeSuite startReport -->
</testsuite> <!-- createtest_Firefox -->
