<?xml version="1.0" encoding="UTF-8"?>
<testng-results skipped="0" failed="0" ignored="3" total="7" passed="4">
  <reporter-output>
  </reporter-output>
  <suite name="Suite" duration-ms="38907" started-at="2020-02-24T21:28:39Z" finished-at="2020-02-24T21:29:18Z">
    <groups>
    </groups>
    <test name="createtest" duration-ms="38907" started-at="2020-02-24T21:28:39Z" finished-at="2020-02-24T21:29:18Z">
      <class name="nvkidsframework.testcases.CreatePageTestcase">
        <test-method status="PASS" signature="startReport(org.testng.ITestContext)[pri:0, instance:nvkidsframework.testcases.CreatePageTestcase@12d4bf7e]" name="startReport" is-config="true" duration-ms="562" started-at="2020-02-24T21:28:39Z" finished-at="2020-02-24T21:28:39Z">
          <params>
            <param index="0">
              <value>
                <![CDATA[org.testng.TestRunner@7ce026d3]]>
              </value>
            </param>
          </params>
          <reporter-output>
          </reporter-output>
        </test-method> <!-- startReport -->
        <test-method status="PASS" signature="Deleteimages()[pri:0, instance:nvkidsframework.testcases.CreatePageTestcase@12d4bf7e]" name="Deleteimages" is-config="true" duration-ms="5" started-at="2020-02-24T21:28:39Z" finished-at="2020-02-24T21:28:39Z">
          <reporter-output>
          </reporter-output>
        </test-method> <!-- Deleteimages -->
        <test-method status="PASS" signature="beforeclass()[pri:0, instance:nvkidsframework.testcases.CreatePageTestcase@12d4bf7e]" name="beforeclass" is-config="true" duration-ms="19" started-at="2020-02-24T21:28:39Z" finished-at="2020-02-24T21:28:39Z">
          <reporter-output>
          </reporter-output>
        </test-method> <!-- beforeclass -->
        <test-method status="PASS" signature="configureAndLaunch(java.lang.reflect.Method)[pri:0, instance:nvkidsframework.testcases.CreatePageTestcase@12d4bf7e]" name="configureAndLaunch" is-config="true" duration-ms="10816" started-at="2020-02-24T21:28:39Z" finished-at="2020-02-24T21:28:50Z">
          <params>
            <param index="0">
              <value>
                <![CDATA[public void nvkidsframework.testcases.CreatePageTestcase.createLeaf_DemoCSR() throws java.lang.InterruptedException]]>
              </value>
            </param>
          </params>
          <reporter-output>
          </reporter-output>
        </test-method> <!-- configureAndLaunch -->
        <test-method status="PASS" signature="createLeaf_DemoCSR()[pri:0, instance:nvkidsframework.testcases.CreatePageTestcase@12d4bf7e]" name="createLeaf_DemoCSR" duration-ms="8749" started-at="2020-02-24T21:28:50Z" description="create leaf for demo CSR" finished-at="2020-02-24T21:28:59Z">
          <reporter-output>
          </reporter-output>
        </test-method> <!-- createLeaf_DemoCSR -->
        <test-method status="PASS" signature="closeBrowser()[pri:0, instance:nvkidsframework.testcases.CreatePageTestcase@12d4bf7e]" name="closeBrowser" is-config="true" duration-ms="1208" started-at="2020-02-24T21:28:59Z" finished-at="2020-02-24T21:29:00Z">
          <reporter-output>
          </reporter-output>
        </test-method> <!-- closeBrowser -->
        <test-method status="PASS" signature="configureAndLaunch(java.lang.reflect.Method)[pri:0, instance:nvkidsframework.testcases.CreatePageTestcase@12d4bf7e]" name="configureAndLaunch" is-config="true" duration-ms="7712" started-at="2020-02-24T21:29:00Z" finished-at="2020-02-24T21:29:08Z">
          <params>
            <param index="0">
              <value>
                <![CDATA[public void nvkidsframework.testcases.CreatePageTestcase.createLeaf_SalesManager() throws java.lang.InterruptedException]]>
              </value>
            </param>
          </params>
          <reporter-output>
          </reporter-output>
        </test-method> <!-- configureAndLaunch -->
        <test-method status="PASS" signature="createLeaf_SalesManager()[pri:0, instance:nvkidsframework.testcases.CreatePageTestcase@12d4bf7e]" name="createLeaf_SalesManager" duration-ms="9124" started-at="2020-02-24T21:29:08Z" description="create leaf for demo sales manager" finished-at="2020-02-24T21:29:17Z">
          <reporter-output>
          </reporter-output>
        </test-method> <!-- createLeaf_SalesManager -->
        <test-method status="PASS" signature="closeBrowser()[pri:0, instance:nvkidsframework.testcases.CreatePageTestcase@12d4bf7e]" name="closeBrowser" is-config="true" duration-ms="1208" started-at="2020-02-24T21:29:17Z" finished-at="2020-02-24T21:29:18Z">
          <reporter-output>
          </reporter-output>
        </test-method> <!-- closeBrowser -->
        <test-method status="PASS" signature="stopReport()[pri:0, instance:nvkidsframework.testcases.CreatePageTestcase@12d4bf7e]" name="stopReport" is-config="true" duration-ms="529" started-at="2020-02-24T21:29:18Z" finished-at="2020-02-24T21:29:19Z">
          <reporter-output>
          </reporter-output>
        </test-method> <!-- stopReport -->
      </class> <!-- nvkidsframework.testcases.CreatePageTestcase -->
      <class name="nvkidsframework.testcases.CreatePageTestCaseAgain">
        <test-method status="PASS" signature="beforeclass()[pri:0, instance:nvkidsframework.testcases.CreatePageTestCaseAgain@4c1d9d4b]" name="beforeclass" is-config="true" duration-ms="19" started-at="2020-02-24T21:28:39Z" finished-at="2020-02-24T21:28:39Z">
          <reporter-output>
          </reporter-output>
        </test-method> <!-- beforeclass -->
        <test-method status="PASS" signature="configureAndLaunch(java.lang.reflect.Method)[pri:0, instance:nvkidsframework.testcases.CreatePageTestCaseAgain@4c1d9d4b]" name="configureAndLaunch" is-config="true" duration-ms="10815" started-at="2020-02-24T21:28:39Z" finished-at="2020-02-24T21:28:50Z">
          <params>
            <param index="0">
              <value>
                <![CDATA[public void nvkidsframework.testcases.CreatePageTestCaseAgain.createLeaf_DemoCSR() throws java.lang.InterruptedException]]>
              </value>
            </param>
          </params>
          <reporter-output>
          </reporter-output>
        </test-method> <!-- configureAndLaunch -->
        <test-method status="PASS" signature="createLeaf_DemoCSR()[pri:0, instance:nvkidsframework.testcases.CreatePageTestCaseAgain@4c1d9d4b]" name="createLeaf_DemoCSR" duration-ms="8774" started-at="2020-02-24T21:28:50Z" description=" Again create leaf for demo CSR" finished-at="2020-02-24T21:28:59Z">
          <reporter-output>
          </reporter-output>
        </test-method> <!-- createLeaf_DemoCSR -->
        <test-method status="PASS" signature="closeBrowser()[pri:0, instance:nvkidsframework.testcases.CreatePageTestCaseAgain@4c1d9d4b]" name="closeBrowser" is-config="true" duration-ms="1195" started-at="2020-02-24T21:28:59Z" finished-at="2020-02-24T21:29:00Z">
          <reporter-output>
          </reporter-output>
        </test-method> <!-- closeBrowser -->
        <test-method status="PASS" signature="configureAndLaunch(java.lang.reflect.Method)[pri:0, instance:nvkidsframework.testcases.CreatePageTestCaseAgain@4c1d9d4b]" name="configureAndLaunch" is-config="true" duration-ms="6451" started-at="2020-02-24T21:29:00Z" finished-at="2020-02-24T21:29:06Z">
          <params>
            <param index="0">
              <value>
                <![CDATA[public void nvkidsframework.testcases.CreatePageTestCaseAgain.createLeaf_SalesManager() throws java.lang.InterruptedException]]>
              </value>
            </param>
          </params>
          <reporter-output>
          </reporter-output>
        </test-method> <!-- configureAndLaunch -->
        <test-method status="PASS" signature="createLeaf_SalesManager()[pri:0, instance:nvkidsframework.testcases.CreatePageTestCaseAgain@4c1d9d4b]" name="createLeaf_SalesManager" duration-ms="9262" started-at="2020-02-24T21:29:06Z" description="Again create leaf for demo sales manager" finished-at="2020-02-24T21:29:16Z">
          <reporter-output>
          </reporter-output>
        </test-method> <!-- createLeaf_SalesManager -->
        <test-method status="PASS" signature="closeBrowser()[pri:0, instance:nvkidsframework.testcases.CreatePageTestCaseAgain@4c1d9d4b]" name="closeBrowser" is-config="true" duration-ms="781" started-at="2020-02-24T21:29:16Z" finished-at="2020-02-24T21:29:17Z">
          <reporter-output>
          </reporter-output>
        </test-method> <!-- closeBrowser -->
      </class> <!-- nvkidsframework.testcases.CreatePageTestCaseAgain -->
    </test> <!-- createtest -->
  </suite> <!-- Suite -->
</testng-results>
